# JRE version: OpenJDK Runtime Environment JBR-11.0.13.7-1751.25-jcef (11.0.13+7) (build 11.0.13+7-b1751.25)
# Java VM: OpenJDK 64-Bit Server VM JBR-11.0.13.7-1751.25-jcef (11.0.13+7-b1751.25, mixed mode, tiered, compressed oops, g1 gc, windows-amd64)
Heap:
 garbage-first heap   total 491520K, used 227211K [0x0000000080000000, 0x0000000100000000)
  region size 1024K, 8 young (8192K), 8 survivors (8192K)
 Metaspace       used 136739K, capacity 140466K, committed 140720K, reserved 1171456K
  class space    used 17184K, capacity 18583K, committed 18688K, reserved 1048576K
GC Heap History (20 events):
Event: 97.883 GC heap after
{Heap after GC invocations=94 (full 0):
 garbage-first heap   total 262144K, used 197981K [0x0000000080000000, 0x0000000100000000)
  region size 1024K, 1 young (1024K), 1 survivors (1024K)
 Metaspace       used 123711K, capacity 126973K, committed 127152K, reserved 1159168K
  class space    used 15593K, capacity 16802K, committed 16896K, reserved 1048576K
}
Event: 98.005 GC heap before
{Heap before GC invocations=94 (full 0):
 garbage-first heap   total 262144K, used 222557K [0x0000000080000000, 0x0000000100000000)
  region size 1024K, 25 young (25600K), 1 survivors (1024K)
 Metaspace       used 123713K, capacity 126973K, committed 127152K, reserved 1159168K
  class space    used 15593K, capacity 16802K, committed 16896K, reserved 1048576K
}
Event: 98.008 GC heap after
{Heap after GC invocations=95 (full 0):
 garbage-first heap   total 262144K, used 197879K [0x0000000080000000, 0x0000000100000000)
  region size 1024K, 1 young (1024K), 1 survivors (1024K)
 Metaspace       used 123713K, capacity 126973K, committed 127152K, reserved 1159168K
  class space    used 15593K, capacity 16802K, committed 16896K, reserved 1048576K
}
Event: 102.461 GC heap before
{Heap before GC invocations=96 (full 0):
 garbage-first heap   total 262144K, used 237815K [0x0000000080000000, 0x0000000100000000)
  region size 1024K, 26 young (26624K), 1 survivors (1024K)
 Metaspace       used 124036K, capacity 127305K, committed 127408K, reserved 1159168K
  class space    used 15615K, capacity 16816K, committed 16896K, reserved 1048576K
}
Event: 102.503 GC heap after
{Heap after GC invocations=97 (full 0):
 garbage-first heap   total 347136K, used 199399K [0x0000000080000000, 0x0000000100000000)
  region size 1024K, 3 young (3072K), 3 survivors (3072K)
 Metaspace       used 124036K, capacity 127305K, committed 127408K, reserved 1159168K
  class space    used 15615K, capacity 16816K, committed 16896K, reserved 1048576K
}
Event: 103.878 GC heap before
{Heap before GC invocations=97 (full 0):
 garbage-first heap   total 347136K, used 211687K [0x0000000080000000, 0x0000000100000000)
  region size 1024K, 16 young (16384K), 3 survivors (3072K)
 Metaspace       used 124935K, capacity 128307K, committed 128432K, reserved 1161216K
  class space    used 15675K, capacity 16885K, committed 16896K, reserved 1048576K
}
Event: 103.898 GC heap after
{Heap after GC invocations=98 (full 0):
 garbage-first heap   total 347136K, used 201543K [0x0000000080000000, 0x0000000100000000)
  region size 1024K, 2 young (2048K), 2 survivors (2048K)
 Metaspace       used 124935K, capacity 128307K, committed 128432K, reserved 1161216K
  class space    used 15675K, capacity 16885K, committed 16896K, reserved 1048576K
}
Event: 106.451 GC heap before
{Heap before GC invocations=98 (full 0):
 garbage-first heap   total 347136K, used 256839K [0x0000000080000000, 0x0000000100000000)
  region size 1024K, 56 young (57344K), 2 survivors (2048K)
 Metaspace       used 127850K, capacity 131155K, committed 131248K, reserved 1163264K
  class space    used 15892K, capacity 17109K, committed 17152K, reserved 1048576K
}
Event: 106.532 GC heap after
{Heap after GC invocations=99 (full 0):
 garbage-first heap   total 347136K, used 211340K [0x0000000080000000, 0x0000000100000000)
  region size 1024K, 7 young (7168K), 7 survivors (7168K)
 Metaspace       used 127850K, capacity 131155K, committed 131248K, reserved 1163264K
  class space    used 15892K, capacity 17109K, committed 17152K, reserved 1048576K
}
Event: 113.550 GC heap before
{Heap before GC invocations=100 (full 0):
 garbage-first heap   total 347136K, used 254348K [0x0000000080000000, 0x0000000100000000)
  region size 1024K, 59 young (60416K), 7 survivors (7168K)
 Metaspace       used 128803K, capacity 132132K, committed 132400K, reserved 1165312K
  class space    used 15975K, capacity 17177K, committed 17280K, reserved 1048576K
}
Event: 113.649 GC heap after
{Heap after GC invocations=101 (full 0):
 garbage-first heap   total 347136K, used 199962K [0x0000000080000000, 0x0000000100000000)
  region size 1024K, 2 young (2048K), 2 survivors (2048K)
 Metaspace       used 128803K, capacity 132132K, committed 132400K, reserved 1165312K
  class space    used 15975K, capacity 17177K, committed 17280K, reserved 1048576K
}
Event: 115.191 GC heap before
{Heap before GC invocations=101 (full 0):
 garbage-first heap   total 347136K, used 213274K [0x0000000080000000, 0x0000000100000000)
  region size 1024K, 16 young (16384K), 2 survivors (2048K)
 Metaspace       used 129373K, capacity 132685K, committed 132912K, reserved 1165312K
  class space    used 16040K, capacity 17254K, committed 17280K, reserved 1048576K
}
Event: 115.239 GC heap after
{Heap after GC invocations=102 (full 0):
 garbage-first heap   total 347136K, used 187440K [0x0000000080000000, 0x0000000100000000)
  region size 1024K, 1 young (1024K), 1 survivors (1024K)
 Metaspace       used 129373K, capacity 132685K, committed 132912K, reserved 1165312K
  class space    used 16040K, capacity 17254K, committed 17280K, reserved 1048576K
}
Event: 117.724 GC heap before
{Heap before GC invocations=102 (full 0):
 garbage-first heap   total 347136K, used 254000K [0x0000000080000000, 0x0000000100000000)
  region size 1024K, 67 young (68608K), 1 survivors (1024K)
 Metaspace       used 130006K, capacity 133358K, committed 133552K, reserved 1165312K
  class space    used 16116K, capacity 17305K, committed 17408K, reserved 1048576K
}
Event: 117.755 GC heap after
{Heap after GC invocations=103 (full 0):
 garbage-first heap   total 347136K, used 190937K [0x0000000080000000, 0x0000000100000000)
  region size 1024K, 5 young (5120K), 5 survivors (5120K)
 Metaspace       used 130006K, capacity 133358K, committed 133552K, reserved 1165312K
  class space    used 16116K, capacity 17305K, committed 17408K, reserved 1048576K
}
Event: 119.540 GC heap before
{Heap before GC invocations=103 (full 0):
 garbage-first heap   total 347136K, used 259545K [0x0000000080000000, 0x0000000100000000)
  region size 1024K, 73 young (74752K), 5 survivors (5120K)
 Metaspace       used 131978K, capacity 135409K, committed 135600K, reserved 1167360K
  class space    used 16387K, capacity 17632K, committed 17664K, reserved 1048576K
}
Event: 119.732 GC heap after
{Heap after GC invocations=104 (full 0):
 garbage-first heap   total 347136K, used 208114K [0x0000000080000000, 0x0000000100000000)
  region size 1024K, 10 young (10240K), 10 survivors (10240K)
 Metaspace       used 131978K, capacity 135409K, committed 135600K, reserved 1167360K
  class space    used 16387K, capacity 17632K, committed 17664K, reserved 1048576K
}
Event: 121.190 GC heap before
{Heap before GC invocations=104 (full 0):
 garbage-first heap   total 347136K, used 270578K [0x0000000080000000, 0x0000000100000000)
  region size 1024K, 71 young (72704K), 10 survivors (10240K)
 Metaspace       used 132655K, capacity 136076K, committed 136240K, reserved 1167360K
  class space    used 16465K, capacity 17699K, committed 17792K, reserved 1048576K
}
Event: 121.344 GC heap after
{Heap after GC invocations=105 (full 0):
 garbage-first heap   total 347136K, used 218112K [0x0000000080000000, 0x0000000100000000)
  region size 1024K, 9 young (9216K), 9 survivors (9216K)
 Metaspace       used 132655K, capacity 136076K, committed 136240K, reserved 1167360K
  class space    used 16465K, capacity 17699K, committed 17792K, reserved 1048576K
}
Event: 124.662 GC heap before
{Heap before GC invocations=105 (full 0):
 garbage-first heap   total 347136K, used 276480K [0x0000000080000000, 0x0000000100000000)
  region size 1024K, 66 young (67584K), 9 survivors (9216K)
 Metaspace       used 136739K, capacity 140466K, committed 140720K, reserved 1171456K
  class space    used 17184K, capacity 18583K, committed 18688K, reserved 1048576K
}

