# JRE version: OpenJDK Runtime Environment JBR-11.0.13.7-1751.25-jcef (11.0.13+7) (build 11.0.13+7-b1751.25)
# Java VM: OpenJDK 64-Bit Server VM JBR-11.0.13.7-1751.25-jcef (11.0.13+7-b1751.25, mixed mode, tiered, compressed oops, g1 gc, windows-amd64)
Heap:
 garbage-first heap   total 460800K, used 210089K [0x0000000080000000, 0x0000000100000000)
  region size 1024K, 8 young (8192K), 8 survivors (8192K)
 Metaspace       used 131124K, capacity 134877K, committed 135216K, reserved 1167360K
  class space    used 16370K, capacity 17729K, committed 17792K, reserved 1048576K
GC Heap History (20 events):
Event: 2246.810 GC heap after
{Heap after GC invocations=134 (full 0):
 garbage-first heap   total 392192K, used 202751K [0x0000000080000000, 0x0000000100000000)
  region size 1024K, 2 young (2048K), 2 survivors (2048K)
 Metaspace       used 126983K, capacity 130683K, committed 130992K, reserved 1163264K
  class space    used 16011K, capacity 17353K, committed 17408K, reserved 1048576K
}
Event: 2247.641 GC heap before
{Heap before GC invocations=134 (full 0):
 garbage-first heap   total 392192K, used 278527K [0x0000000080000000, 0x0000000100000000)
  region size 1024K, 76 young (77824K), 2 survivors (2048K)
 Metaspace       used 128574K, capacity 132255K, committed 132400K, reserved 1165312K
  class space    used 16167K, capacity 17501K, committed 17536K, reserved 1048576K
}
Event: 2247.667 GC heap after
{Heap after GC invocations=135 (full 0):
 garbage-first heap   total 392192K, used 203368K [0x0000000080000000, 0x0000000100000000)
  region size 1024K, 2 young (2048K), 2 survivors (2048K)
 Metaspace       used 128574K, capacity 132255K, committed 132400K, reserved 1165312K
  class space    used 16167K, capacity 17501K, committed 17536K, reserved 1048576K
}
Event: 2250.904 GC heap before
{Heap before GC invocations=136 (full 0):
 garbage-first heap   total 392192K, used 285288K [0x0000000080000000, 0x0000000100000000)
  region size 1024K, 82 young (83968K), 2 survivors (2048K)
 Metaspace       used 129324K, capacity 132912K, committed 133168K, reserved 1165312K
  class space    used 16165K, capacity 17457K, committed 17536K, reserved 1048576K
}
Event: 2250.914 GC heap after
{Heap after GC invocations=137 (full 0):
 garbage-first heap   total 392192K, used 203060K [0x0000000080000000, 0x0000000100000000)
  region size 1024K, 2 young (2048K), 2 survivors (2048K)
 Metaspace       used 129324K, capacity 132912K, committed 133168K, reserved 1165312K
  class space    used 16165K, capacity 17457K, committed 17536K, reserved 1048576K
}
Event: 2251.762 GC heap before
{Heap before GC invocations=137 (full 0):
 garbage-first heap   total 392192K, used 291124K [0x0000000080000000, 0x0000000100000000)
  region size 1024K, 88 young (90112K), 2 survivors (2048K)
 Metaspace       used 129576K, capacity 133260K, committed 133552K, reserved 1165312K
  class space    used 16187K, capacity 17505K, committed 17664K, reserved 1048576K
}
Event: 2251.772 GC heap after
{Heap after GC invocations=138 (full 0):
 garbage-first heap   total 392192K, used 203850K [0x0000000080000000, 0x0000000100000000)
  region size 1024K, 3 young (3072K), 3 survivors (3072K)
 Metaspace       used 129576K, capacity 133260K, committed 133552K, reserved 1165312K
  class space    used 16187K, capacity 17505K, committed 17664K, reserved 1048576K
}
Event: 2252.373 GC heap before
{Heap before GC invocations=139 (full 0):
 garbage-first heap   total 392192K, used 297034K [0x0000000080000000, 0x0000000100000000)
  region size 1024K, 94 young (96256K), 3 survivors (3072K)
 Metaspace       used 130342K, capacity 134050K, committed 134320K, reserved 1165312K
  class space    used 16292K, capacity 17639K, committed 17664K, reserved 1048576K
}
Event: 2252.385 GC heap after
{Heap after GC invocations=140 (full 0):
 garbage-first heap   total 392192K, used 204786K [0x0000000080000000, 0x0000000100000000)
  region size 1024K, 4 young (4096K), 4 survivors (4096K)
 Metaspace       used 130342K, capacity 134050K, committed 134320K, reserved 1165312K
  class space    used 16292K, capacity 17639K, committed 17664K, reserved 1048576K
}
Event: 2253.638 GC heap before
{Heap before GC invocations=140 (full 0):
 garbage-first heap   total 392192K, used 303090K [0x0000000080000000, 0x0000000100000000)
  region size 1024K, 100 young (102400K), 4 survivors (4096K)
 Metaspace       used 131017K, capacity 134853K, committed 134960K, reserved 1167360K
  class space    used 16373K, capacity 17750K, committed 17792K, reserved 1048576K
}
Event: 2253.661 GC heap after
{Heap after GC invocations=141 (full 0):
 garbage-first heap   total 392192K, used 204897K [0x0000000080000000, 0x0000000100000000)
  region size 1024K, 4 young (4096K), 4 survivors (4096K)
 Metaspace       used 131017K, capacity 134853K, committed 134960K, reserved 1167360K
  class space    used 16373K, capacity 17750K, committed 17792K, reserved 1048576K
}
Event: 2255.574 GC heap before
{Heap before GC invocations=142 (full 0):
 garbage-first heap   total 392192K, used 308321K [0x0000000080000000, 0x0000000100000000)
  region size 1024K, 105 young (107520K), 4 survivors (4096K)
 Metaspace       used 131044K, capacity 134858K, committed 134960K, reserved 1167360K
  class space    used 16374K, capacity 17750K, committed 17792K, reserved 1048576K
}
Event: 2255.594 GC heap after
{Heap after GC invocations=143 (full 0):
 garbage-first heap   total 392192K, used 205650K [0x0000000080000000, 0x0000000100000000)
  region size 1024K, 5 young (5120K), 5 survivors (5120K)
 Metaspace       used 131044K, capacity 134858K, committed 134960K, reserved 1167360K
  class space    used 16374K, capacity 17750K, committed 17792K, reserved 1048576K
}
Event: 2256.415 GC heap before
{Heap before GC invocations=143 (full 0):
 garbage-first heap   total 392192K, used 316242K [0x0000000080000000, 0x0000000100000000)
  region size 1024K, 113 young (115712K), 5 survivors (5120K)
 Metaspace       used 131106K, capacity 134941K, committed 135216K, reserved 1167360K
  class space    used 16379K, capacity 17755K, committed 17792K, reserved 1048576K
}
Event: 2256.447 GC heap after
{Heap after GC invocations=144 (full 0):
 garbage-first heap   total 392192K, used 209955K [0x0000000080000000, 0x0000000100000000)
  region size 1024K, 9 young (9216K), 9 survivors (9216K)
 Metaspace       used 131106K, capacity 134941K, committed 135216K, reserved 1167360K
  class space    used 16379K, capacity 17755K, committed 17792K, reserved 1048576K
}
Event: 2257.509 GC heap before
{Heap before GC invocations=145 (full 0):
 garbage-first heap   total 392192K, used 321571K [0x0000000080000000, 0x0000000100000000)
  region size 1024K, 118 young (120832K), 9 survivors (9216K)
 Metaspace       used 131126K, capacity 134943K, committed 135216K, reserved 1167360K
  class space    used 16382K, capacity 17755K, committed 17792K, reserved 1048576K
}
Event: 2257.565 GC heap after
{Heap after GC invocations=146 (full 0):
 garbage-first heap   total 392192K, used 209365K [0x0000000080000000, 0x0000000100000000)
  region size 1024K, 7 young (7168K), 7 survivors (7168K)
 Metaspace       used 131126K, capacity 134943K, committed 135216K, reserved 1167360K
  class space    used 16382K, capacity 17755K, committed 17792K, reserved 1048576K
}
Event: 2258.116 GC heap before
{Heap before GC invocations=146 (full 0):
 garbage-first heap   total 392192K, used 327125K [0x0000000080000000, 0x0000000100000000)
  region size 1024K, 122 young (124928K), 7 survivors (7168K)
 Metaspace       used 131157K, capacity 134948K, committed 135216K, reserved 1167360K
  class space    used 16385K, capacity 17756K, committed 17792K, reserved 1048576K
}
Event: 2258.154 GC heap after
{Heap after GC invocations=147 (full 0):
 garbage-first heap   total 392192K, used 210316K [0x0000000080000000, 0x0000000100000000)
  region size 1024K, 8 young (8192K), 8 survivors (8192K)
 Metaspace       used 131157K, capacity 134948K, committed 135216K, reserved 1167360K
  class space    used 16385K, capacity 17756K, committed 17792K, reserved 1048576K
}
Event: 2259.269 GC heap before
{Heap before GC invocations=148 (full 0):
 garbage-first heap   total 392192K, used 329100K [0x0000000080000000, 0x0000000100000000)
  region size 1024K, 124 young (126976K), 8 survivors (8192K)
 Metaspace       used 131124K, capacity 134877K, committed 135216K, reserved 1167360K
  class space    used 16370K, capacity 17729K, committed 17792K, reserved 1048576K
}

