# JRE version: OpenJDK Runtime Environment JBR-11.0.13.7-1751.25-jcef (11.0.13+7) (build 11.0.13+7-b1751.25)
# Java VM: OpenJDK 64-Bit Server VM JBR-11.0.13.7-1751.25-jcef (11.0.13+7-b1751.25, mixed mode, tiered, compressed oops, g1 gc, windows-amd64)
Heap:
 garbage-first heap   total 315392K, used 130209K [0x0000000080000000, 0x0000000100000000)
  region size 1024K, 4 young (4096K), 4 survivors (4096K)
 Metaspace       used 101350K, capacity 103921K, committed 104272K, reserved 1140736K
  class space    used 12975K, capacity 13969K, committed 14080K, reserved 1048576K
GC Heap History (20 events):
Event: 95.689 GC heap after
{Heap after GC invocations=99 (full 0):
 garbage-first heap   total 231424K, used 111992K [0x0000000080000000, 0x0000000100000000)
  region size 1024K, 2 young (2048K), 2 survivors (2048K)
 Metaspace       used 93848K, capacity 96083K, committed 96336K, reserved 1132544K
  class space    used 11952K, capacity 12788K, committed 12800K, reserved 1048576K
}
Event: 97.800 GC heap before
{Heap before GC invocations=99 (full 0):
 garbage-first heap   total 231424K, used 161144K [0x0000000080000000, 0x0000000100000000)
  region size 1024K, 50 young (51200K), 2 survivors (2048K)
 Metaspace       used 94204K, capacity 96471K, committed 96720K, reserved 1132544K
  class space    used 11998K, capacity 12852K, committed 12928K, reserved 1048576K
}
Event: 97.834 GC heap after
{Heap after GC invocations=100 (full 0):
 garbage-first heap   total 231424K, used 120691K [0x0000000080000000, 0x0000000100000000)
  region size 1024K, 7 young (7168K), 7 survivors (7168K)
 Metaspace       used 94204K, capacity 96471K, committed 96720K, reserved 1132544K
  class space    used 11998K, capacity 12852K, committed 12928K, reserved 1048576K
}
Event: 100.622 GC heap before
{Heap before GC invocations=100 (full 0):
 garbage-first heap   total 231424K, used 169843K [0x0000000080000000, 0x0000000100000000)
  region size 1024K, 56 young (57344K), 7 survivors (7168K)
 Metaspace       used 98952K, capacity 101539K, committed 101712K, reserved 1136640K
  class space    used 12794K, capacity 13779K, committed 13824K, reserved 1048576K
}
Event: 100.874 GC heap after
{Heap after GC invocations=101 (full 0):
 garbage-first heap   total 231424K, used 125691K [0x0000000080000000, 0x0000000100000000)
  region size 1024K, 5 young (5120K), 5 survivors (5120K)
 Metaspace       used 98952K, capacity 101539K, committed 101712K, reserved 1136640K
  class space    used 12794K, capacity 13779K, committed 13824K, reserved 1048576K
}
Event: 101.904 GC heap before
{Heap before GC invocations=101 (full 0):
 garbage-first heap   total 231424K, used 175867K [0x0000000080000000, 0x0000000100000000)
  region size 1024K, 54 young (55296K), 5 survivors (5120K)
 Metaspace       used 100023K, capacity 102580K, committed 102864K, reserved 1138688K
  class space    used 12897K, capacity 13881K, committed 13952K, reserved 1048576K
}
Event: 101.922 GC heap after
{Heap after GC invocations=102 (full 0):
 garbage-first heap   total 231424K, used 126717K [0x0000000080000000, 0x0000000100000000)
  region size 1024K, 2 young (2048K), 2 survivors (2048K)
 Metaspace       used 100023K, capacity 102580K, committed 102864K, reserved 1138688K
  class space    used 12897K, capacity 13881K, committed 13952K, reserved 1048576K
}
Event: 102.764 GC heap before
{Heap before GC invocations=102 (full 0):
 garbage-first heap   total 231424K, used 177917K [0x0000000080000000, 0x0000000100000000)
  region size 1024K, 52 young (53248K), 2 survivors (2048K)
 Metaspace       used 100264K, capacity 102814K, committed 102864K, reserved 1138688K
  class space    used 12930K, capacity 13915K, committed 13952K, reserved 1048576K
}
Event: 102.782 GC heap after
{Heap after GC invocations=103 (full 0):
 garbage-first heap   total 231424K, used 127287K [0x0000000080000000, 0x0000000100000000)
  region size 1024K, 2 young (2048K), 2 survivors (2048K)
 Metaspace       used 100264K, capacity 102814K, committed 102864K, reserved 1138688K
  class space    used 12930K, capacity 13915K, committed 13952K, reserved 1048576K
}
Event: 103.611 GC heap before
{Heap before GC invocations=103 (full 0):
 garbage-first heap   total 231424K, used 181559K [0x0000000080000000, 0x0000000100000000)
  region size 1024K, 55 young (56320K), 2 survivors (2048K)
 Metaspace       used 100769K, capacity 103402K, committed 103760K, reserved 1138688K
  class space    used 12954K, capacity 13957K, committed 14080K, reserved 1048576K
}
Event: 103.621 GC heap after
{Heap after GC invocations=104 (full 0):
 garbage-first heap   total 231424K, used 127203K [0x0000000080000000, 0x0000000100000000)
  region size 1024K, 2 young (2048K), 2 survivors (2048K)
 Metaspace       used 100769K, capacity 103402K, committed 103760K, reserved 1138688K
  class space    used 12954K, capacity 13957K, committed 14080K, reserved 1048576K
}
Event: 103.948 GC heap before
{Heap before GC invocations=104 (full 0):
 garbage-first heap   total 231424K, used 183523K [0x0000000080000000, 0x0000000100000000)
  region size 1024K, 57 young (58368K), 2 survivors (2048K)
 Metaspace       used 101052K, capacity 103692K, committed 104016K, reserved 1138688K
  class space    used 12973K, capacity 13965K, committed 14080K, reserved 1048576K
}
Event: 103.961 GC heap after
{Heap after GC invocations=105 (full 0):
 garbage-first heap   total 231424K, used 127928K [0x0000000080000000, 0x0000000100000000)
  region size 1024K, 3 young (3072K), 3 survivors (3072K)
 Metaspace       used 101052K, capacity 103692K, committed 104016K, reserved 1138688K
  class space    used 12973K, capacity 13965K, committed 14080K, reserved 1048576K
}
Event: 104.197 GC heap before
{Heap before GC invocations=105 (full 0):
 garbage-first heap   total 231424K, used 185272K [0x0000000080000000, 0x0000000100000000)
  region size 1024K, 59 young (60416K), 3 survivors (3072K)
 Metaspace       used 101144K, capacity 103758K, committed 104016K, reserved 1138688K
  class space    used 12973K, capacity 13965K, committed 14080K, reserved 1048576K
}
Event: 104.210 GC heap after
{Heap after GC invocations=106 (full 0):
 garbage-first heap   total 231424K, used 128082K [0x0000000080000000, 0x0000000100000000)
  region size 1024K, 3 young (3072K), 3 survivors (3072K)
 Metaspace       used 101144K, capacity 103758K, committed 104016K, reserved 1138688K
  class space    used 12973K, capacity 13965K, committed 14080K, reserved 1048576K
}
Event: 104.484 GC heap before
{Heap before GC invocations=106 (full 0):
 garbage-first heap   total 231424K, used 187474K [0x0000000080000000, 0x0000000100000000)
  region size 1024K, 61 young (62464K), 3 survivors (3072K)
 Metaspace       used 101246K, capacity 103833K, committed 104016K, reserved 1138688K
  class space    used 12973K, capacity 13965K, committed 14080K, reserved 1048576K
}
Event: 104.511 GC heap after
{Heap after GC invocations=107 (full 0):
 garbage-first heap   total 231424K, used 129588K [0x0000000080000000, 0x0000000100000000)
  region size 1024K, 5 young (5120K), 5 survivors (5120K)
 Metaspace       used 101246K, capacity 103833K, committed 104016K, reserved 1138688K
  class space    used 12973K, capacity 13965K, committed 14080K, reserved 1048576K
}
Event: 105.070 GC heap before
{Heap before GC invocations=107 (full 0):
 garbage-first heap   total 231424K, used 190004K [0x0000000080000000, 0x0000000100000000)
  region size 1024K, 64 young (65536K), 5 survivors (5120K)
 Metaspace       used 101307K, capacity 103918K, committed 104272K, reserved 1140736K
  class space    used 12975K, capacity 13969K, committed 14080K, reserved 1048576K
}
Event: 105.131 GC heap after
{Heap after GC invocations=108 (full 0):
 garbage-first heap   total 231424K, used 130770K [0x0000000080000000, 0x0000000100000000)
  region size 1024K, 5 young (5120K), 5 survivors (5120K)
 Metaspace       used 101307K, capacity 103918K, committed 104272K, reserved 1140736K
  class space    used 12975K, capacity 13969K, committed 14080K, reserved 1048576K
}
Event: 105.587 GC heap before
{Heap before GC invocations=108 (full 0):
 garbage-first heap   total 231424K, used 194258K [0x0000000080000000, 0x0000000100000000)
  region size 1024K, 67 young (68608K), 5 survivors (5120K)
 Metaspace       used 101350K, capacity 103921K, committed 104272K, reserved 1140736K
  class space    used 12975K, capacity 13969K, committed 14080K, reserved 1048576K
}

