# JRE version: OpenJDK Runtime Environment JBR-11.0.13.7-1751.25-jcef (11.0.13+7) (build 11.0.13+7-b1751.25)
# Java VM: OpenJDK 64-Bit Server VM JBR-11.0.13.7-1751.25-jcef (11.0.13+7-b1751.25, mixed mode, tiered, compressed oops, g1 gc, windows-amd64)
Heap:
 garbage-first heap   total 227328K, used 143377K [0x0000000080000000, 0x0000000100000000)
  region size 1024K, 24 young (24576K), 2 survivors (2048K)
 Metaspace       used 99942K, capacity 102493K, committed 102864K, reserved 1138688K
  class space    used 12846K, capacity 13831K, committed 13952K, reserved 1048576K
GC Heap History (20 events):
Event: 47.655 GC heap before
{Heap before GC invocations=59 (full 0):
 garbage-first heap   total 146432K, used 112718K [0x0000000080000000, 0x0000000100000000)
  region size 1024K, 47 young (48128K), 6 survivors (6144K)
 Metaspace       used 82847K, capacity 84860K, committed 84944K, reserved 1122304K
  class space    used 10630K, capacity 11355K, committed 11392K, reserved 1048576K
}
Event: 47.821 GC heap after
{Heap after GC invocations=60 (full 0):
 garbage-first heap   total 146432K, used 74727K [0x0000000080000000, 0x0000000100000000)
  region size 1024K, 3 young (3072K), 3 survivors (3072K)
 Metaspace       used 82847K, capacity 84860K, committed 84944K, reserved 1122304K
  class space    used 10630K, capacity 11355K, committed 11392K, reserved 1048576K
}
Event: 53.207 GC heap before
{Heap before GC invocations=61 (full 0):
 garbage-first heap   total 146432K, used 114663K [0x0000000080000000, 0x0000000100000000)
  region size 1024K, 43 young (44032K), 3 survivors (3072K)
 Metaspace       used 84590K, capacity 86656K, committed 86992K, reserved 1124352K
  class space    used 10787K, capacity 11546K, committed 11648K, reserved 1048576K
}
Event: 53.268 GC heap after
{Heap after GC invocations=62 (full 0):
 garbage-first heap   total 189440K, used 81378K [0x0000000080000000, 0x0000000100000000)
  region size 1024K, 6 young (6144K), 6 survivors (6144K)
 Metaspace       used 84590K, capacity 86656K, committed 86992K, reserved 1124352K
  class space    used 10787K, capacity 11546K, committed 11648K, reserved 1048576K
}
Event: 59.904 GC heap before
{Heap before GC invocations=62 (full 0):
 garbage-first heap   total 189440K, used 134626K [0x0000000080000000, 0x0000000100000000)
  region size 1024K, 56 young (57344K), 6 survivors (6144K)
 Metaspace       used 85455K, capacity 87558K, committed 87888K, reserved 1126400K
  class space    used 10880K, capacity 11666K, committed 11776K, reserved 1048576K
}
Event: 59.981 GC heap after
{Heap after GC invocations=63 (full 0):
 garbage-first heap   total 189440K, used 82501K [0x0000000080000000, 0x0000000100000000)
  region size 1024K, 5 young (5120K), 5 survivors (5120K)
 Metaspace       used 85455K, capacity 87558K, committed 87888K, reserved 1126400K
  class space    used 10880K, capacity 11666K, committed 11776K, reserved 1048576K
}
Event: 64.397 GC heap before
{Heap before GC invocations=63 (full 0):
 garbage-first heap   total 189440K, used 137797K [0x0000000080000000, 0x0000000100000000)
  region size 1024K, 60 young (61440K), 5 survivors (5120K)
 Metaspace       used 88789K, capacity 90879K, committed 91088K, reserved 1128448K
  class space    used 11289K, capacity 12060K, committed 12160K, reserved 1048576K
}
Event: 64.517 GC heap after
{Heap after GC invocations=64 (full 0):
 garbage-first heap   total 189440K, used 85847K [0x0000000080000000, 0x0000000100000000)
  region size 1024K, 5 young (5120K), 5 survivors (5120K)
 Metaspace       used 88789K, capacity 90879K, committed 91088K, reserved 1128448K
  class space    used 11289K, capacity 12060K, committed 12160K, reserved 1048576K
}
Event: 69.855 GC heap before
{Heap before GC invocations=64 (full 0):
 garbage-first heap   total 189440K, used 146263K [0x0000000080000000, 0x0000000100000000)
  region size 1024K, 65 young (66560K), 5 survivors (5120K)
 Metaspace       used 90250K, capacity 92446K, committed 92624K, reserved 1130496K
  class space    used 11477K, capacity 12299K, committed 12416K, reserved 1048576K
}
Event: 69.991 GC heap after
{Heap after GC invocations=65 (full 0):
 garbage-first heap   total 189440K, used 95964K [0x0000000080000000, 0x0000000100000000)
  region size 1024K, 9 young (9216K), 9 survivors (9216K)
 Metaspace       used 90250K, capacity 92446K, committed 92624K, reserved 1130496K
  class space    used 11477K, capacity 12299K, committed 12416K, reserved 1048576K
}
Event: 72.866 GC heap before
{Heap before GC invocations=65 (full 0):
 garbage-first heap   total 189440K, used 149212K [0x0000000080000000, 0x0000000100000000)
  region size 1024K, 62 young (63488K), 9 survivors (9216K)
 Metaspace       used 92982K, capacity 95266K, committed 95568K, reserved 1132544K
  class space    used 11857K, capacity 12713K, committed 12800K, reserved 1048576K
}
Event: 73.069 GC heap after
{Heap after GC invocations=66 (full 0):
 garbage-first heap   total 227328K, used 103636K [0x0000000080000000, 0x0000000100000000)
  region size 1024K, 8 young (8192K), 8 survivors (8192K)
 Metaspace       used 92982K, capacity 95266K, committed 95568K, reserved 1132544K
  class space    used 11857K, capacity 12713K, committed 12800K, reserved 1048576K
}
Event: 73.789 GC heap before
{Heap before GC invocations=66 (full 0):
 garbage-first heap   total 227328K, used 121044K [0x0000000080000000, 0x0000000100000000)
  region size 1024K, 25 young (25600K), 8 survivors (8192K)
 Metaspace       used 93106K, capacity 95356K, committed 95568K, reserved 1132544K
  class space    used 11872K, capacity 12722K, committed 12800K, reserved 1048576K
}
Event: 73.838 GC heap after
{Heap after GC invocations=67 (full 0):
 garbage-first heap   total 227328K, used 107223K [0x0000000080000000, 0x0000000100000000)
  region size 1024K, 4 young (4096K), 4 survivors (4096K)
 Metaspace       used 93106K, capacity 95356K, committed 95568K, reserved 1132544K
  class space    used 11872K, capacity 12722K, committed 12800K, reserved 1048576K
}
Event: 80.099 GC heap before
{Heap before GC invocations=68 (full 0):
 garbage-first heap   total 227328K, used 168663K [0x0000000080000000, 0x0000000100000000)
  region size 1024K, 66 young (67584K), 4 survivors (4096K)
 Metaspace       used 94840K, capacity 97119K, committed 97360K, reserved 1134592K
  class space    used 12110K, capacity 12966K, committed 13056K, reserved 1048576K
}
Event: 80.473 GC heap after
{Heap after GC invocations=69 (full 0):
 garbage-first heap   total 227328K, used 116051K [0x0000000080000000, 0x0000000100000000)
  region size 1024K, 9 young (9216K), 9 survivors (9216K)
 Metaspace       used 94840K, capacity 97119K, committed 97360K, reserved 1134592K
  class space    used 12110K, capacity 12966K, committed 13056K, reserved 1048576K
}
Event: 80.874 GC heap before
{Heap before GC invocations=69 (full 0):
 garbage-first heap   total 227328K, used 133459K [0x0000000080000000, 0x0000000100000000)
  region size 1024K, 26 young (26624K), 9 survivors (9216K)
 Metaspace       used 95162K, capacity 97510K, committed 97744K, reserved 1134592K
  class space    used 12160K, capacity 13074K, committed 13184K, reserved 1048576K
}
Event: 80.959 GC heap after
{Heap after GC invocations=70 (full 0):
 garbage-first heap   total 227328K, used 120214K [0x0000000080000000, 0x0000000100000000)
  region size 1024K, 4 young (4096K), 4 survivors (4096K)
 Metaspace       used 95162K, capacity 97510K, committed 97744K, reserved 1134592K
  class space    used 12160K, capacity 13074K, committed 13184K, reserved 1048576K
}
Event: 89.151 GC heap before
{Heap before GC invocations=71 (full 0):
 garbage-first heap   total 227328K, used 150934K [0x0000000080000000, 0x0000000100000000)
  region size 1024K, 35 young (35840K), 4 survivors (4096K)
 Metaspace       used 99135K, capacity 101638K, committed 101712K, reserved 1136640K
  class space    used 12785K, capacity 13765K, committed 13824K, reserved 1048576K
}
Event: 89.372 GC heap after
{Heap after GC invocations=72 (full 0):
 garbage-first heap   total 227328K, used 121873K [0x0000000080000000, 0x0000000100000000)
  region size 1024K, 2 young (2048K), 2 survivors (2048K)
 Metaspace       used 99135K, capacity 101638K, committed 101712K, reserved 1136640K
  class space    used 12785K, capacity 13765K, committed 13824K, reserved 1048576K
}

