# JRE version: OpenJDK Runtime Environment JBR-11.0.13.7-1751.25-jcef (11.0.13+7) (build 11.0.13+7-b1751.25)
# Java VM: OpenJDK 64-Bit Server VM JBR-11.0.13.7-1751.25-jcef (11.0.13+7-b1751.25, mixed mode, tiered, compressed oops, g1 gc, windows-amd64)
Heap:
 garbage-first heap   total 542720K, used 155072K [0x0000000080000000, 0x0000000100000000)
  region size 1024K, 18 young (18432K), 3 survivors (3072K)
 Metaspace       used 103225K, capacity 105948K, committed 106192K, reserved 1140736K
  class space    used 13174K, capacity 14201K, committed 14208K, reserved 1048576K
GC Heap History (20 events):
Event: 79.604 GC heap before
{Heap before GC invocations=66 (full 0):
 garbage-first heap   total 421888K, used 266951K [0x0000000080000000, 0x0000000100000000)
  region size 1024K, 144 young (147456K), 8 survivors (8192K)
 Metaspace       used 102554K, capacity 105161K, committed 105424K, reserved 1140736K
  class space    used 13110K, capacity 14106K, committed 14208K, reserved 1048576K
}
Event: 79.686 GC heap after
{Heap after GC invocations=67 (full 0):
 garbage-first heap   total 421888K, used 128753K [0x0000000080000000, 0x0000000100000000)
  region size 1024K, 9 young (9216K), 9 survivors (9216K)
 Metaspace       used 102554K, capacity 105161K, committed 105424K, reserved 1140736K
  class space    used 13110K, capacity 14106K, committed 14208K, reserved 1048576K
}
Event: 84.553 GC heap before
{Heap before GC invocations=67 (full 0):
 garbage-first heap   total 421888K, used 288497K [0x0000000080000000, 0x0000000100000000)
  region size 1024K, 166 young (169984K), 9 survivors (9216K)
 Metaspace       used 102574K, capacity 105230K, committed 105424K, reserved 1140736K
  class space    used 13111K, capacity 14107K, committed 14208K, reserved 1048576K
}
Event: 84.741 GC heap after
{Heap after GC invocations=68 (full 0):
 garbage-first heap   total 421888K, used 129777K [0x0000000080000000, 0x0000000100000000)
  region size 1024K, 10 young (10240K), 10 survivors (10240K)
 Metaspace       used 102574K, capacity 105230K, committed 105424K, reserved 1140736K
  class space    used 13111K, capacity 14107K, committed 14208K, reserved 1048576K
}
Event: 91.883 GC heap before
{Heap before GC invocations=68 (full 0):
 garbage-first heap   total 421888K, used 291569K [0x0000000080000000, 0x0000000100000000)
  region size 1024K, 168 young (172032K), 10 survivors (10240K)
 Metaspace       used 102604K, capacity 105236K, committed 105424K, reserved 1140736K
  class space    used 13114K, capacity 14108K, committed 14208K, reserved 1048576K
}
Event: 92.047 GC heap after
{Heap after GC invocations=69 (full 0):
 garbage-first heap   total 421888K, used 130689K [0x0000000080000000, 0x0000000100000000)
  region size 1024K, 11 young (11264K), 11 survivors (11264K)
 Metaspace       used 102604K, capacity 105236K, committed 105424K, reserved 1140736K
  class space    used 13114K, capacity 14108K, committed 14208K, reserved 1048576K
}
Event: 96.654 GC heap before
{Heap before GC invocations=69 (full 0):
 garbage-first heap   total 421888K, used 296577K [0x0000000080000000, 0x0000000100000000)
  region size 1024K, 173 young (177152K), 11 survivors (11264K)
 Metaspace       used 102622K, capacity 105242K, committed 105424K, reserved 1140736K
  class space    used 13115K, capacity 14109K, committed 14208K, reserved 1048576K
}
Event: 96.740 GC heap after
{Heap after GC invocations=70 (full 0):
 garbage-first heap   total 542720K, used 132812K [0x0000000080000000, 0x0000000100000000)
  region size 1024K, 13 young (13312K), 13 survivors (13312K)
 Metaspace       used 102622K, capacity 105242K, committed 105424K, reserved 1140736K
  class space    used 13115K, capacity 14109K, committed 14208K, reserved 1048576K
}
Event: 100.531 GC heap before
{Heap before GC invocations=70 (full 0):
 garbage-first heap   total 542720K, used 307916K [0x0000000080000000, 0x0000000100000000)
  region size 1024K, 184 young (188416K), 13 survivors (13312K)
 Metaspace       used 102663K, capacity 105313K, committed 105424K, reserved 1140736K
  class space    used 13115K, capacity 14110K, committed 14208K, reserved 1048576K
}
Event: 100.608 GC heap after
{Heap after GC invocations=71 (full 0):
 garbage-first heap   total 542720K, used 133437K [0x0000000080000000, 0x0000000100000000)
  region size 1024K, 13 young (13312K), 13 survivors (13312K)
 Metaspace       used 102663K, capacity 105313K, committed 105424K, reserved 1140736K
  class space    used 13115K, capacity 14110K, committed 14208K, reserved 1048576K
}
Event: 105.422 GC heap before
{Heap before GC invocations=71 (full 0):
 garbage-first heap   total 542720K, used 334141K [0x0000000080000000, 0x0000000100000000)
  region size 1024K, 209 young (214016K), 13 survivors (13312K)
 Metaspace       used 102839K, capacity 105484K, committed 105680K, reserved 1140736K
  class space    used 13116K, capacity 14112K, committed 14208K, reserved 1048576K
}
Event: 105.549 GC heap after
{Heap after GC invocations=72 (full 0):
 garbage-first heap   total 542720K, used 132413K [0x0000000080000000, 0x0000000100000000)
  region size 1024K, 12 young (12288K), 12 survivors (12288K)
 Metaspace       used 102839K, capacity 105484K, committed 105680K, reserved 1140736K
  class space    used 13116K, capacity 14112K, committed 14208K, reserved 1048576K
}
Event: 113.370 GC heap before
{Heap before GC invocations=72 (full 0):
 garbage-first heap   total 542720K, used 399677K [0x0000000080000000, 0x0000000100000000)
  region size 1024K, 273 young (279552K), 12 survivors (12288K)
 Metaspace       used 102896K, capacity 105497K, committed 105680K, reserved 1140736K
  class space    used 13119K, capacity 14116K, committed 14208K, reserved 1048576K
}
Event: 113.570 GC heap after
{Heap after GC invocations=73 (full 0):
 garbage-first heap   total 542720K, used 136509K [0x0000000080000000, 0x0000000100000000)
  region size 1024K, 16 young (16384K), 16 survivors (16384K)
 Metaspace       used 102896K, capacity 105497K, committed 105680K, reserved 1140736K
  class space    used 13119K, capacity 14116K, committed 14208K, reserved 1048576K
}
Event: 120.379 GC heap before
{Heap before GC invocations=73 (full 0):
 garbage-first heap   total 542720K, used 380221K [0x0000000080000000, 0x0000000100000000)
  region size 1024K, 254 young (260096K), 16 survivors (16384K)
 Metaspace       used 103174K, capacity 105871K, committed 105936K, reserved 1140736K
  class space    used 13173K, capacity 14200K, committed 14208K, reserved 1048576K
}
Event: 120.749 GC heap after
{Heap after GC invocations=74 (full 0):
 garbage-first heap   total 542720K, used 138813K [0x0000000080000000, 0x0000000100000000)
  region size 1024K, 18 young (18432K), 18 survivors (18432K)
 Metaspace       used 103174K, capacity 105871K, committed 105936K, reserved 1140736K
  class space    used 13173K, capacity 14200K, committed 14208K, reserved 1048576K
}
Event: 120.881 GC heap before
{Heap before GC invocations=74 (full 0):
 garbage-first heap   total 542720K, used 147005K [0x0000000080000000, 0x0000000100000000)
  region size 1024K, 26 young (26624K), 18 survivors (18432K)
 Metaspace       used 103175K, capacity 105871K, committed 105936K, reserved 1140736K
  class space    used 13173K, capacity 14200K, committed 14208K, reserved 1048576K
}
Event: 121.245 GC heap after
{Heap after GC invocations=75 (full 0):
 garbage-first heap   total 542720K, used 140405K [0x0000000080000000, 0x0000000100000000)
  region size 1024K, 2 young (2048K), 2 survivors (2048K)
 Metaspace       used 103175K, capacity 105871K, committed 105936K, reserved 1140736K
  class space    used 13173K, capacity 14200K, committed 14208K, reserved 1048576K
}
Event: 124.528 GC heap before
{Heap before GC invocations=75 (full 0):
 garbage-first heap   total 542720K, used 186485K [0x0000000080000000, 0x0000000100000000)
  region size 1024K, 47 young (48128K), 2 survivors (2048K)
 Metaspace       used 103186K, capacity 105873K, committed 105936K, reserved 1140736K
  class space    used 13173K, capacity 14200K, committed 14208K, reserved 1048576K
}
Event: 124.547 GC heap after
{Heap after GC invocations=76 (full 0):
 garbage-first heap   total 542720K, used 139807K [0x0000000080000000, 0x0000000100000000)
  region size 1024K, 2 young (2048K), 2 survivors (2048K)
 Metaspace       used 103186K, capacity 105873K, committed 105936K, reserved 1140736K
  class space    used 13173K, capacity 14200K, committed 14208K, reserved 1048576K
}

